<?xml version="1.0" encoding="UTF-8"?>
<!-- Generated by org.testng.reporters.JUnitXMLReporter -->
<testsuite hostname="idea-PC" ignored="0" name="test1" tests="5" failures="0" timestamp="15 Mar 2018 04:43:37 GMT" time="0.101" errors="0">
  <testcase name="CreateOrder2" time="0.06" classname="com.testng.NewTest1"/>
  <testcase name="EnterCredential2" time="0.0" classname="com.testng.NewTest1"/>
  <testcase name="Login2" time="0.0" classname="com.testng.NewTest1"/>
  <testcase name="Logout2" time="0.005" classname="com.testng.NewTest1"/>
  <testcase name="SelectProduct2" time="0.005" classname="com.testng.NewTest1"/>
</testsuite> <!-- test1 -->
