<?xml version="1.0" encoding="UTF-8"?>
<testng-results skipped="0" failed="0" ignored="0" total="3" passed="3">
  <reporter-output>
  </reporter-output>
  <suite name="Default suite" duration-ms="68" started-at="2018-04-27T15:52:32Z" finished-at="2018-04-27T15:52:32Z">
    <groups>
    </groups>
    <test name="Default test" duration-ms="68" started-at="2018-04-27T15:52:32Z" finished-at="2018-04-27T15:52:32Z">
      <class name="com.scp.ENUM.Demo4">
        <test-method status="PASS" signature="abc()[pri:-1, instance:com.scp.ENUM.Demo4@5056dfcb]" name="abc" duration-ms="20" started-at="2018-04-27T21:22:32Z" finished-at="2018-04-27T21:22:32Z">
          <reporter-output>
          </reporter-output>
        </test-method> <!-- abc -->
        <test-method status="PASS" signature="ghi()[pri:0, instance:com.scp.ENUM.Demo4@5056dfcb]" name="ghi" duration-ms="0" started-at="2018-04-27T21:22:32Z" finished-at="2018-04-27T21:22:32Z">
          <reporter-output>
          </reporter-output>
        </test-method> <!-- ghi -->
        <test-method status="PASS" signature="def()[pri:1, instance:com.scp.ENUM.Demo4@5056dfcb]" name="def" duration-ms="5" started-at="2018-04-27T21:22:32Z" finished-at="2018-04-27T21:22:32Z">
          <reporter-output>
          </reporter-output>
        </test-method> <!-- def -->
      </class> <!-- com.scp.ENUM.Demo4 -->
    </test> <!-- Default test -->
  </suite> <!-- Default suite -->
</testng-results>
