<?xml version="1.0" encoding="UTF-8"?>
<testng-results skipped="0" failed="0" ignored="0" total="0" passed="0">
  <reporter-output>
  </reporter-output>
  <suite name="Suite" duration-ms="25570" started-at="2017-10-14T13:39:25Z" finished-at="2017-10-14T13:39:51Z">
    <groups>
    </groups>
    <test name="Test4" duration-ms="25570" started-at="2017-10-14T13:39:25Z" finished-at="2017-10-14T13:39:51Z">
      <class name="test4.pck.com.Selenium">
        <test-method status="PASS" signature="Setup(java.lang.String)[pri:0, instance:test4.pck.com.Selenium@3c756e4d]" name="Setup" is-config="true" duration-ms="25554" started-at="2017-10-14T19:09:25Z" finished-at="2017-10-14T19:09:51Z">
          <params>
            <param index="0">
              <value>
                <![CDATA[chrome]]>
              </value>
            </param>
          </params>
          <reporter-output>
          </reporter-output>
        </test-method> <!-- Setup -->
      </class> <!-- test4.pck.com.Selenium -->
    </test> <!-- Test4 -->
  </suite> <!-- Suite -->
</testng-results>
