<?xml version="1.0" encoding="UTF-8"?>
<!-- Generated by org.testng.reporters.JUnitXMLReporter -->
<testsuite hostname="idea-PC" ignored="0" name="Case2" tests="10" failures="0" timestamp="10 Dec 2017 06:11:05 GMT" time="0.078" errors="0">
  <testcase name="CreateOrder2" time="0.0" classname="com.testng.NewTest1"/>
  <testcase name="EnterCredential2" time="0.015" classname="com.testng.NewTest1"/>
  <testcase name="Login2" time="0.0" classname="com.testng.NewTest1"/>
  <testcase name="Logout2" time="0.0" classname="com.testng.NewTest1"/>
  <testcase name="SelectProduct2" time="0.0" classname="com.testng.NewTest1"/>
  <testcase name="CreateOrder1" time="0.016" classname="com.testng.NewTest"/>
  <testcase name="EnterCredential1" time="0.0" classname="com.testng.NewTest"/>
  <testcase name="Login1" time="0.0" classname="com.testng.NewTest"/>
  <testcase name="Logout1" time="0.0" classname="com.testng.NewTest"/>
  <testcase name="SelectProduct1" time="0.0" classname="com.testng.NewTest"/>
</testsuite> <!-- Case2 -->
