<?xml version="1.0" encoding="UTF-8"?>
<!-- Generated by org.testng.reporters.JUnitXMLReporter -->
<testsuite hostname="idea-PC" ignored="5" tests="0" failures="0" timestamp="08 Dec 2017 05:04:56 GMT" time="0.0" errors="0">
  <testcase name="Logout" time="0.0" classname="com.testng.Demo1">
    <ignored/>
  </testcase> <!-- Logout -->
  <testcase name="EnterCredential" time="0.0" classname="com.testng.Demo1">
    <ignored/>
  </testcase> <!-- EnterCredential -->
  <testcase name="CreateOrder" time="0.0" classname="com.testng.Demo1">
    <ignored/>
  </testcase> <!-- CreateOrder -->
  <testcase name="Login" time="0.0" classname="com.testng.Demo1">
    <ignored/>
  </testcase> <!-- Login -->
  <testcase name="SelectProduct" time="0.0" classname="com.testng.Demo1">
    <ignored/>
  </testcase> <!-- SelectProduct -->
</testsuite>
