<?xml version="1.0" encoding="UTF-8"?>
<!-- Generated by org.testng.reporters.JUnitXMLReporter -->
<testsuite hostname="idea-PC" ignored="0" name="Demo1" tests="6" failures="0" timestamp="12 Dec 2017 12:32:18 GMT" time="0.063" errors="0">
  <testcase name="ArdCredential" time="0.0" classname="com.testng.NewTest6"/>
  <testcase name="BneateOrder" time="0.0" classname="com.testng.NewTest6"/>
  <testcase name="CeleteProduct" time="0.0" classname="com.testng.NewTest6"/>
  <testcase name="ApeateOrder" time="0.0" classname="com.testng.NewTest5"/>
  <testcase name="BrterCredential" time="0.016" classname="com.testng.NewTest5"/>
  <testcase name="CdlectProduct" time="0.0" classname="com.testng.NewTest5"/>
</testsuite> <!-- Demo1 -->
