<?xml version="1.0" encoding="UTF-8"?>
<!-- Generated by org.testng.reporters.JUnitXMLReporter -->
<testsuite hostname="idea-PC" ignored="0" name="dropDemo1" tests="8" failures="0" timestamp="11 Dec 2017 06:52:16 GMT" time="0.063" errors="0">
  <testcase name="LoginAppln" time="0.0" classname="dropdownDemo.Case1"/>
  <testcase name="Loginappln" time="0.0" classname="dropdownDemo.Case2"/>
  <testcase name="Logoutappln" time="0.0" classname="dropdownDemo.Case2"/>
  <testcase name="Browse" time="0.0" classname="dropdownDemo.Case1"/>
  <testcase name="LogoutAppln" time="0.0" classname="dropdownDemo.Case1"/>
  <testcase name="AddProduct" time="0.0" classname="dropdownDemo.Case2"/>
  <testcase name="DeleteProduct" time="0.0" classname="dropdownDemo.Case2"/>
  <testcase name="Aelect" time="0.0" classname="dropdownDemo.Case1"/>
</testsuite> <!-- dropDemo1 -->
