<?xml version="1.0" encoding="UTF-8"?>
<testng-results skipped="0" failed="0" ignored="0" total="1" passed="1">
  <reporter-output>
  </reporter-output>
  <suite name="Default suite" duration-ms="5298" started-at="2018-10-25T19:42:22Z" finished-at="2018-10-25T19:42:27Z">
    <groups>
    </groups>
    <test name="Default test" duration-ms="5298" started-at="2018-10-25T19:42:22Z" finished-at="2018-10-25T19:42:27Z">
      <class name="com.cg.testcase.PostCallTest">
        <test-method status="PASS" signature="postCall()[pri:0, instance:com.cg.testcase.PostCallTest@3bfdc050]" name="postCall" is-config="true" duration-ms="3468" started-at="2018-10-26T01:12:22Z" finished-at="2018-10-26T01:12:25Z">
          <reporter-output>
          </reporter-output>
        </test-method> <!-- postCall -->
        <test-method status="PASS" signature="validatePostBody()[pri:0, instance:com.cg.testcase.PostCallTest@3bfdc050]" name="validatePostBody" duration-ms="1814" started-at="2018-10-26T01:12:25Z" finished-at="2018-10-26T01:12:27Z">
          <reporter-output>
          </reporter-output>
        </test-method> <!-- validatePostBody -->
      </class> <!-- com.cg.testcase.PostCallTest -->
    </test> <!-- Default test -->
  </suite> <!-- Default suite -->
</testng-results>
