<?xml version="1.0" encoding="UTF-8"?>
<testng-results skipped="0" failed="0" ignored="0" total="2" passed="2">
  <reporter-output>
  </reporter-output>
  <suite name="Default suite" duration-ms="7370" started-at="2017-09-27T11:18:08Z" finished-at="2017-09-27T11:18:16Z">
    <groups>
    </groups>
    <test name="Default test" duration-ms="7370" started-at="2017-09-27T11:18:08Z" finished-at="2017-09-27T11:18:16Z">
      <class name="com.trs.xyz.TestClass2">
        <test-method status="PASS" signature="SetUp()[pri:0, instance:com.trs.xyz.TestClass2@4de8b406]" name="SetUp" is-config="true" duration-ms="6755" started-at="2017-09-27T16:48:08Z" finished-at="2017-09-27T16:48:15Z">
          <reporter-output>
          </reporter-output>
        </test-method> <!-- SetUp -->
        <test-method status="PASS" signature="f(java.lang.String, java.lang.String)[pri:0, instance:com.trs.xyz.TestClass2@4de8b406]" name="f" duration-ms="358" started-at="2017-09-27T16:48:15Z" data-provider="mix" finished-at="2017-09-27T16:48:16Z">
          <params>
            <param index="0">
              <value>
                <![CDATA[santosh]]>
              </value>
            </param>
            <param index="1">
              <value>
                <![CDATA[santosh123]]>
              </value>
            </param>
          </params>
          <reporter-output>
          </reporter-output>
        </test-method> <!-- f -->
        <test-method status="PASS" signature="f(java.lang.String, java.lang.String)[pri:0, instance:com.trs.xyz.TestClass2@4de8b406]" name="f" duration-ms="206" started-at="2017-09-27T16:48:16Z" data-provider="mix" finished-at="2017-09-27T16:48:16Z">
          <params>
            <param index="0">
              <value>
                <![CDATA[rahul]]>
              </value>
            </param>
            <param index="1">
              <value>
                <![CDATA[rahul145]]>
              </value>
            </param>
          </params>
          <reporter-output>
          </reporter-output>
        </test-method> <!-- f -->
      </class> <!-- com.trs.xyz.TestClass2 -->
    </test> <!-- Default test -->
  </suite> <!-- Default suite -->
</testng-results>
