<?xml version="1.0" encoding="UTF-8"?>
<testng-results skipped="0" failed="0" ignored="0" total="1" passed="1">
  <reporter-output>
  </reporter-output>
  <suite name="Suite" duration-ms="16" started-at="2017-08-23T10:20:47Z" finished-at="2017-08-23T10:20:47Z">
    <groups>
    </groups>
    <test name="Test4" duration-ms="16" started-at="2017-08-23T10:20:47Z" finished-at="2017-08-23T10:20:47Z">
      <class name="com.trs.xyz.NewTestJava3">
        <test-method status="PASS" signature="bs()[pri:0, instance:com.trs.xyz.NewTestJava3@6d8a00e3]" name="bs" is-config="true" duration-ms="16" started-at="2017-08-23T15:50:47Z" finished-at="2017-08-23T15:50:47Z">
          <reporter-output>
          </reporter-output>
        </test-method> <!-- bs -->
        <test-method status="PASS" signature="bt()[pri:0, instance:com.trs.xyz.NewTestJava3@6d8a00e3]" name="bt" is-config="true" duration-ms="0" started-at="2017-08-23T15:50:47Z" finished-at="2017-08-23T15:50:47Z">
          <reporter-output>
          </reporter-output>
        </test-method> <!-- bt -->
        <test-method status="PASS" signature="bm()[pri:0, instance:com.trs.xyz.NewTestJava3@6d8a00e3]" name="bm" is-config="true" duration-ms="0" started-at="2017-08-23T15:50:47Z" finished-at="2017-08-23T15:50:47Z">
          <reporter-output>
          </reporter-output>
        </test-method> <!-- bm -->
        <test-method status="PASS" signature="t()[pri:0, instance:com.trs.xyz.NewTestJava3@6d8a00e3]" name="t" duration-ms="16" started-at="2017-08-23T15:50:47Z" finished-at="2017-08-23T15:50:47Z">
          <reporter-output>
          </reporter-output>
        </test-method> <!-- t -->
        <test-method status="PASS" signature="bc()[pri:0, instance:com.trs.xyz.NewTestJava3@6d8a00e3]" name="bc" is-config="true" duration-ms="0" started-at="2017-08-23T15:50:47Z" finished-at="2017-08-23T15:50:47Z">
          <reporter-output>
          </reporter-output>
        </test-method> <!-- bc -->
        <test-method status="PASS" signature="at()[pri:0, instance:com.trs.xyz.NewTestJava3@6d8a00e3]" name="at" is-config="true" duration-ms="0" started-at="2017-08-23T15:50:47Z" finished-at="2017-08-23T15:50:47Z">
          <reporter-output>
          </reporter-output>
        </test-method> <!-- at -->
        <test-method status="PASS" signature="ac()[pri:0, instance:com.trs.xyz.NewTestJava3@6d8a00e3]" name="ac" is-config="true" duration-ms="0" started-at="2017-08-23T15:50:47Z" finished-at="2017-08-23T15:50:47Z">
          <reporter-output>
          </reporter-output>
        </test-method> <!-- ac -->
        <test-method status="PASS" signature="am()[pri:0, instance:com.trs.xyz.NewTestJava3@6d8a00e3]" name="am" is-config="true" duration-ms="0" started-at="2017-08-23T15:50:47Z" finished-at="2017-08-23T15:50:47Z">
          <reporter-output>
          </reporter-output>
        </test-method> <!-- am -->
        <test-method status="PASS" signature="as()[pri:0, instance:com.trs.xyz.NewTestJava3@6d8a00e3]" name="as" is-config="true" duration-ms="0" started-at="2017-08-23T15:50:47Z" finished-at="2017-08-23T15:50:47Z">
          <reporter-output>
          </reporter-output>
        </test-method> <!-- as -->
      </class> <!-- com.trs.xyz.NewTestJava3 -->
    </test> <!-- Test4 -->
  </suite> <!-- Suite -->
</testng-results>
